<?xml version="1.0" encoding="UTF-8"?>
<!-- Generated by org.testng.reporters.JUnitReportReporter -->
<testsuite hostname="USPHXAWNC0038Y6" name="edu.apollogrp.tests.InternalTransfer.InternalTransfer_ER_FA" tests="18" failures="0" timestamp="3 Mar 2017 20:47:01 GMT" time="145.874" errors="0">
  <testcase name="getCall" time="75.919" classname="edu.apollogrp.tests.InternalTransfer.InternalTransfer_ER_FA"/>
  <testcase name="setUpER" time="14.035" classname="edu.apollogrp.tests.InternalTransfer.InternalTransfer_ER_FA"/>
  <testcase name="clickSubmit" time="7.269" classname="edu.apollogrp.tests.InternalTransfer.InternalTransfer_ER_FA"/>
  <testcase name="endFACall" time="9.423" classname="edu.apollogrp.tests.InternalTransfer.InternalTransfer_ER_FA"/>
  <testcase name="clickConsultButton" time="0.523" classname="edu.apollogrp.tests.InternalTransfer.InternalTransfer_ER_FA"/>
  <testcase name="clickCaseInfo" time="0.880" classname="edu.apollogrp.tests.InternalTransfer.InternalTransfer_ER_FA"/>
  <testcase name="setUp" time="18.285" classname="edu.apollogrp.tests.InternalTransfer.InternalTransfer_ER_FA"/>
  <testcase name="clickUserNameER" time="0.397" classname="edu.apollogrp.tests.InternalTransfer.InternalTransfer_ER_FA"/>
  <testcase name="clickSubmitER" time="10.856" classname="edu.apollogrp.tests.InternalTransfer.InternalTransfer_ER_FA"/>
  <testcase name="clickUserName" time="0.563" classname="edu.apollogrp.tests.InternalTransfer.InternalTransfer_ER_FA"/>
  <testcase name="clickFinancequaltransfer" time="0.603" classname="edu.apollogrp.tests.InternalTransfer.InternalTransfer_ER_FA"/>
  <testcase name="clickInstantCallTransfer" time="3.444" classname="edu.apollogrp.tests.InternalTransfer.InternalTransfer_ER_FA"/>
  <testcase name="clickInstantCallConference" time="1.193" classname="edu.apollogrp.tests.InternalTransfer.InternalTransfer_ER_FA"/>
  <testcase name="clickPassword" time="0.256" classname="edu.apollogrp.tests.InternalTransfer.InternalTransfer_ER_FA"/>
  <testcase name="clickSearchMyFavButton" time="0.774" classname="edu.apollogrp.tests.InternalTransfer.InternalTransfer_ER_FA"/>
  <testcase name="endER_Call" time="0.277" classname="edu.apollogrp.tests.InternalTransfer.InternalTransfer_ER_FA"/>
  <testcase name="tearDown" time="0.852" classname="edu.apollogrp.tests.InternalTransfer.InternalTransfer_ER_FA"/>
  <testcase name="clickPasswordER" time="0.325" classname="edu.apollogrp.tests.InternalTransfer.InternalTransfer_ER_FA"/>
</testsuite> <!-- edu.apollogrp.tests.InternalTransfer.InternalTransfer_ER_FA -->
