<?xml version="1.0" encoding="UTF-8"?>
<!-- Generated by org.testng.reporters.JUnitReportReporter -->
<testsuite hostname="USPHXAWNC0038Y6" name="com.apollo.googlehangout.GoogleHangout_NoVoice" tests="3" failures="0" timestamp="7 Feb 2017 18:18:13 GMT" time="16.636" errors="0">
  <testcase name="loginHangouts" time="8.833" classname="com.apollo.googlehangout.GoogleHangout_NoVoice"/>
  <testcase name="loginGmail" time="1.675" classname="com.apollo.googlehangout.GoogleHangout_NoVoice"/>
  <testcase name="setUp" time="6.128" classname="com.apollo.googlehangout.GoogleHangout_NoVoice"/>
</testsuite> <!-- com.apollo.googlehangout.GoogleHangout_NoVoice -->
