<?xml version="1.0" encoding="UTF-8"?>
<!-- Generated by org.testng.reporters.JUnitReportReporter -->
<testsuite hostname="USPHXAWNC0038Y6" name="edu.apollogrp.tests.UCPSmokeTests.QualTransfer_AgentScript_QAEnv" tests="26" failures="0" timestamp="14 Feb 2017 19:09:21 GMT" time="167.524" errors="0">
  <testcase name="clickSubmitER" time="9.446" classname="edu.apollogrp.tests.UCPSmokeTests.QualTransfer_AgentScript_QAEnv"/>
  <testcase name="clickUserName" time="0.381" classname="edu.apollogrp.tests.UCPSmokeTests.QualTransfer_AgentScript_QAEnv"/>
  <testcase name="markERCallDone" time="1.548" classname="edu.apollogrp.tests.UCPSmokeTests.QualTransfer_AgentScript_QAEnv"/>
  <testcase name="clickEnrollmentqualtransfer" time="1.376" classname="edu.apollogrp.tests.UCPSmokeTests.QualTransfer_AgentScript_QAEnv"/>
  <testcase name="setUp" time="13.549" classname="edu.apollogrp.tests.UCPSmokeTests.QualTransfer_AgentScript_QAEnv"/>
  <testcase name="clickSubmit" time="0.288" classname="edu.apollogrp.tests.UCPSmokeTests.QualTransfer_AgentScript_QAEnv"/>
  <testcase name="getCall" time="53.321" classname="edu.apollogrp.tests.UCPSmokeTests.QualTransfer_AgentScript_QAEnv"/>
  <testcase name="endERCall" time="6.582" classname="edu.apollogrp.tests.UCPSmokeTests.QualTransfer_AgentScript_QAEnv"/>
  <testcase name="clickAgentScritping" time="0.390" classname="edu.apollogrp.tests.UCPSmokeTests.QualTransfer_AgentScript_QAEnv"/>
  <testcase name="clickCaseInfo" time="4.220" classname="edu.apollogrp.tests.UCPSmokeTests.QualTransfer_AgentScript_QAEnv"/>
  <testcase name="clickPasswordER" time="0.433" classname="edu.apollogrp.tests.UCPSmokeTests.QualTransfer_AgentScript_QAEnv"/>
  <testcase name="clickInstantCallConference" time="2.559" classname="edu.apollogrp.tests.UCPSmokeTests.QualTransfer_AgentScript_QAEnv"/>
  <testcase name="clickInstantCallTransfer" time="2.756" classname="edu.apollogrp.tests.UCPSmokeTests.QualTransfer_AgentScript_QAEnv"/>
  <testcase name="markACCCallDone" time="2.432" classname="edu.apollogrp.tests.UCPSmokeTests.QualTransfer_AgentScript_QAEnv"/>
  <testcase name="clickUserNameER" time="0.390" classname="edu.apollogrp.tests.UCPSmokeTests.QualTransfer_AgentScript_QAEnv"/>
  <testcase name="clickStartTransferButton" time="9.462" classname="edu.apollogrp.tests.UCPSmokeTests.QualTransfer_AgentScript_QAEnv"/>
  <testcase name="clickConsultButton" time="0.715" classname="edu.apollogrp.tests.UCPSmokeTests.QualTransfer_AgentScript_QAEnv"/>
  <testcase name="clickFirstRecord" time="17.702" classname="edu.apollogrp.tests.UCPSmokeTests.QualTransfer_AgentScript_QAEnv"/>
  <testcase name="setUpER" time="12.801" classname="edu.apollogrp.tests.UCPSmokeTests.QualTransfer_AgentScript_QAEnv"/>
  <testcase name="clickTransferDropdown" time="9.886" classname="edu.apollogrp.tests.UCPSmokeTests.QualTransfer_AgentScript_QAEnv"/>
  <testcase name="endACCCall" time="4.940" classname="edu.apollogrp.tests.UCPSmokeTests.QualTransfer_AgentScript_QAEnv"/>
  <testcase name="clickQualify" time="0.296" classname="edu.apollogrp.tests.UCPSmokeTests.QualTransfer_AgentScript_QAEnv"/>
  <testcase name="clickSearchMyFavButton" time="1.441" classname="edu.apollogrp.tests.UCPSmokeTests.QualTransfer_AgentScript_QAEnv"/>
  <testcase name="clickPassword" time="0.469" classname="edu.apollogrp.tests.UCPSmokeTests.QualTransfer_AgentScript_QAEnv"/>
  <testcase name="clickNameSearch" time="9.323" classname="edu.apollogrp.tests.UCPSmokeTests.QualTransfer_AgentScript_QAEnv"/>
  <testcase name="tearDown" time="0.818" classname="edu.apollogrp.tests.UCPSmokeTests.QualTransfer_AgentScript_QAEnv"/>
</testsuite> <!-- edu.apollogrp.tests.UCPSmokeTests.QualTransfer_AgentScript_QAEnv -->
