<?xml version="1.0" encoding="UTF-8"?>
<!-- Generated by org.testng.reporters.JUnitReportReporter -->
<testsuite hostname="USPHXAWNC0038Y6" name="com.apollo.agentscripting.er_inboundcall.ERInbound_AgentScript_QAEnv" tests="12" failures="0" timestamp="10 Mar 2017 20:57:09 GMT" time="103.224" errors="0">
  <testcase name="clickPassword" time="0.300" classname="com.apollo.agentscripting.er_inboundcall.ERInbound_AgentScript_QAEnv"/>
  <testcase name="getCall" time="47.304" classname="com.apollo.agentscripting.er_inboundcall.ERInbound_AgentScript_QAEnv"/>
  <testcase name="clickEndCall" time="0.487" classname="com.apollo.agentscripting.er_inboundcall.ERInbound_AgentScript_QAEnv"/>
  <testcase name="clickCaseInfo" time="25.194" classname="com.apollo.agentscripting.er_inboundcall.ERInbound_AgentScript_QAEnv"/>
  <testcase name="tearDown" time="0.145" classname="com.apollo.agentscripting.er_inboundcall.ERInbound_AgentScript_QAEnv"/>
  <testcase name="checkContactTab" time="0.236" classname="com.apollo.agentscripting.er_inboundcall.ERInbound_AgentScript_QAEnv"/>
  <testcase name="clickDoneButton" time="1.865" classname="com.apollo.agentscripting.er_inboundcall.ERInbound_AgentScript_QAEnv"/>
  <testcase name="clickSubmit" time="0.426" classname="com.apollo.agentscripting.er_inboundcall.ERInbound_AgentScript_QAEnv"/>
  <testcase name="getAgentReady" time="10.639" classname="com.apollo.agentscripting.er_inboundcall.ERInbound_AgentScript_QAEnv"/>
  <testcase name="checkContactInformation" time="0.266" classname="com.apollo.agentscripting.er_inboundcall.ERInbound_AgentScript_QAEnv"/>
  <testcase name="setUp" time="15.928" classname="com.apollo.agentscripting.er_inboundcall.ERInbound_AgentScript_QAEnv"/>
  <testcase name="clickUserName" time="0.434" classname="com.apollo.agentscripting.er_inboundcall.ERInbound_AgentScript_QAEnv"/>
</testsuite> <!-- com.apollo.agentscripting.er_inboundcall.ERInbound_AgentScript_QAEnv -->
