<?xml version="1.0" encoding="UTF-8"?>
<!-- Generated by org.testng.reporters.JUnitReportReporter -->
<testsuite hostname="USPHXAWNC0038Y6" name="edu.apollogrp.tests.UCPSmokeTests.QualTransfer_AgentScript_QAEnv" tests="25" failures="0" timestamp="8 Feb 2017 18:01:28 GMT" time="146.073" errors="0">
  <testcase name="clickPassword" time="0.285" classname="edu.apollogrp.tests.UCPSmokeTests.QualTransfer_AgentScript_QAEnv"/>
  <testcase name="markERCallDone" time="1.438" classname="edu.apollogrp.tests.UCPSmokeTests.QualTransfer_AgentScript_QAEnv"/>
  <testcase name="clickSubmit" time="0.210" classname="edu.apollogrp.tests.UCPSmokeTests.QualTransfer_AgentScript_QAEnv"/>
  <testcase name="clickNameSearch" time="8.767" classname="edu.apollogrp.tests.UCPSmokeTests.QualTransfer_AgentScript_QAEnv"/>
  <testcase name="clickAgentScritping" time="0.762" classname="edu.apollogrp.tests.UCPSmokeTests.QualTransfer_AgentScript_QAEnv"/>
  <testcase name="setUp" time="7.291" classname="edu.apollogrp.tests.UCPSmokeTests.QualTransfer_AgentScript_QAEnv"/>
  <testcase name="clickInstantCallConference" time="1.598" classname="edu.apollogrp.tests.UCPSmokeTests.QualTransfer_AgentScript_QAEnv"/>
  <testcase name="clickStartTransferButton" time="21.313" classname="edu.apollogrp.tests.UCPSmokeTests.QualTransfer_AgentScript_QAEnv"/>
  <testcase name="endACCCall" time="4.499" classname="edu.apollogrp.tests.UCPSmokeTests.QualTransfer_AgentScript_QAEnv"/>
  <testcase name="clickQualify" time="0.300" classname="edu.apollogrp.tests.UCPSmokeTests.QualTransfer_AgentScript_QAEnv"/>
  <testcase name="getCall" time="37.372" classname="edu.apollogrp.tests.UCPSmokeTests.QualTransfer_AgentScript_QAEnv"/>
  <testcase name="clickUserName" time="0.318" classname="edu.apollogrp.tests.UCPSmokeTests.QualTransfer_AgentScript_QAEnv"/>
  <testcase name="clickTransferDropdown" time="18.927" classname="edu.apollogrp.tests.UCPSmokeTests.QualTransfer_AgentScript_QAEnv"/>
  <testcase name="clickPasswordER" time="0.309" classname="edu.apollogrp.tests.UCPSmokeTests.QualTransfer_AgentScript_QAEnv"/>
  <testcase name="clickInstantCallTransfer" time="2.849" classname="edu.apollogrp.tests.UCPSmokeTests.QualTransfer_AgentScript_QAEnv"/>
  <testcase name="endERCall" time="4.515" classname="edu.apollogrp.tests.UCPSmokeTests.QualTransfer_AgentScript_QAEnv"/>
  <testcase name="clickSearchMyFavButton" time="1.096" classname="edu.apollogrp.tests.UCPSmokeTests.QualTransfer_AgentScript_QAEnv"/>
  <testcase name="setUpER" time="6.720" classname="edu.apollogrp.tests.UCPSmokeTests.QualTransfer_AgentScript_QAEnv"/>
  <testcase name="markACCCallDone" time="1.042" classname="edu.apollogrp.tests.UCPSmokeTests.QualTransfer_AgentScript_QAEnv"/>
  <testcase name="clickConsultButton" time="0.496" classname="edu.apollogrp.tests.UCPSmokeTests.QualTransfer_AgentScript_QAEnv"/>
  <testcase name="clickSubmitER" time="8.546" classname="edu.apollogrp.tests.UCPSmokeTests.QualTransfer_AgentScript_QAEnv"/>
  <testcase name="clickUserNameER" time="0.299" classname="edu.apollogrp.tests.UCPSmokeTests.QualTransfer_AgentScript_QAEnv"/>
  <testcase name="clickCaseInfo" time="0.354" classname="edu.apollogrp.tests.UCPSmokeTests.QualTransfer_AgentScript_QAEnv"/>
  <testcase name="clickFirstRecord" time="16.336" classname="edu.apollogrp.tests.UCPSmokeTests.QualTransfer_AgentScript_QAEnv"/>
  <testcase name="clickEnrollmentqualtransfer" time="0.431" classname="edu.apollogrp.tests.UCPSmokeTests.QualTransfer_AgentScript_QAEnv"/>
</testsuite> <!-- edu.apollogrp.tests.UCPSmokeTests.QualTransfer_AgentScript_QAEnv -->
