<?xml version="1.0" encoding="UTF-8"?>
<!-- Generated by org.testng.reporters.JUnitReportReporter -->
<testsuite hostname="USPHXAWNC0038Y6" name="com.apollo.agentscripting.er_inboundcall.ERInbound_AgentScript_QAEnv" tests="12" failures="0" timestamp="27 Feb 2017 22:44:24 GMT" time="94.066" errors="0">
  <testcase name="getCall" time="48.948" classname="com.apollo.agentscripting.er_inboundcall.ERInbound_AgentScript_QAEnv"/>
  <testcase name="tearDown" time="0.185" classname="com.apollo.agentscripting.er_inboundcall.ERInbound_AgentScript_QAEnv"/>
  <testcase name="checkContactTab" time="0.145" classname="com.apollo.agentscripting.er_inboundcall.ERInbound_AgentScript_QAEnv"/>
  <testcase name="getAgentReady" time="11.777" classname="com.apollo.agentscripting.er_inboundcall.ERInbound_AgentScript_QAEnv"/>
  <testcase name="clickUserName" time="0.607" classname="com.apollo.agentscripting.er_inboundcall.ERInbound_AgentScript_QAEnv"/>
  <testcase name="clickSubmit" time="0.254" classname="com.apollo.agentscripting.er_inboundcall.ERInbound_AgentScript_QAEnv"/>
  <testcase name="setUp" time="13.158" classname="com.apollo.agentscripting.er_inboundcall.ERInbound_AgentScript_QAEnv"/>
  <testcase name="clickEndCall" time="0.285" classname="com.apollo.agentscripting.er_inboundcall.ERInbound_AgentScript_QAEnv"/>
  <testcase name="clickCaseInfo" time="17.085" classname="com.apollo.agentscripting.er_inboundcall.ERInbound_AgentScript_QAEnv"/>
  <testcase name="clickPassword" time="0.333" classname="com.apollo.agentscripting.er_inboundcall.ERInbound_AgentScript_QAEnv"/>
  <testcase name="clickDoneButton" time="1.152" classname="com.apollo.agentscripting.er_inboundcall.ERInbound_AgentScript_QAEnv"/>
  <testcase name="checkContactInformation" time="0.137" classname="com.apollo.agentscripting.er_inboundcall.ERInbound_AgentScript_QAEnv"/>
</testsuite> <!-- com.apollo.agentscripting.er_inboundcall.ERInbound_AgentScript_QAEnv -->
