<?xml version="1.0" encoding="UTF-8"?>
<!-- Generated by org.testng.reporters.JUnitReportReporter -->
<testsuite hostname="USPHXAWNC0038Y6" name="com.apollo.googlehangout.GoogleHangoutCalls_FF_SVN" tests="3" failures="0" timestamp="14 Feb 2017 18:58:12 GMT" time="32.480" errors="0">
  <testcase name="tearDown" time="2.955" classname="com.apollo.googlehangout.GoogleHangoutCalls_FF_SVN"/>
  <testcase name="setUp" time="16.776" classname="com.apollo.googlehangout.GoogleHangoutCalls_FF_SVN"/>
  <testcase name="loginGmail" time="12.749" classname="com.apollo.googlehangout.GoogleHangoutCalls_FF_SVN"/>
</testsuite> <!-- com.apollo.googlehangout.GoogleHangoutCalls_FF_SVN -->
