<?xml version="1.0" encoding="UTF-8"?>
<!-- Generated by org.testng.reporters.JUnitReportReporter -->
<testsuite hostname="USPHXAWNC0038Y6" name="edu.apollogrp.tests.UCPSmokeTests.QualTransfer_CallType_UsingTestNG" tests="26" failures="0" timestamp="15 Feb 2017 22:29:00 GMT" time="217.364" errors="0">
  <testcase name="clickSubmitER" time="18.281" classname="edu.apollogrp.tests.UCPSmokeTests.QualTransfer_CallType_UsingTestNG"/>
  <testcase name="clickFirstRecord" time="16.639" classname="edu.apollogrp.tests.UCPSmokeTests.QualTransfer_CallType_UsingTestNG"/>
  <testcase name="endACCCall" time="4.957" classname="edu.apollogrp.tests.UCPSmokeTests.QualTransfer_CallType_UsingTestNG"/>
  <testcase name="endERCall" time="9.595" classname="edu.apollogrp.tests.UCPSmokeTests.QualTransfer_CallType_UsingTestNG"/>
  <testcase name="clickUserName" time="0.472" classname="edu.apollogrp.tests.UCPSmokeTests.QualTransfer_CallType_UsingTestNG"/>
  <testcase name="markERCallDone" time="0.561" classname="edu.apollogrp.tests.UCPSmokeTests.QualTransfer_CallType_UsingTestNG"/>
  <testcase name="setUp" time="16.432" classname="edu.apollogrp.tests.UCPSmokeTests.QualTransfer_CallType_UsingTestNG"/>
  <testcase name="getCall" time="70.982" classname="edu.apollogrp.tests.UCPSmokeTests.QualTransfer_CallType_UsingTestNG"/>
  <testcase name="clickSubmit" time="0.391" classname="edu.apollogrp.tests.UCPSmokeTests.QualTransfer_CallType_UsingTestNG"/>
  <testcase name="clickTransferDropdown" time="11.151" classname="edu.apollogrp.tests.UCPSmokeTests.QualTransfer_CallType_UsingTestNG"/>
  <testcase name="clickSearchMyFavButton" time="1.471" classname="edu.apollogrp.tests.UCPSmokeTests.QualTransfer_CallType_UsingTestNG"/>
  <testcase name="clickNameSearch" time="10.481" classname="edu.apollogrp.tests.UCPSmokeTests.QualTransfer_CallType_UsingTestNG"/>
  <testcase name="tearDown" time="1.081" classname="edu.apollogrp.tests.UCPSmokeTests.QualTransfer_CallType_UsingTestNG"/>
  <testcase name="clickPasswordER" time="0.360" classname="edu.apollogrp.tests.UCPSmokeTests.QualTransfer_CallType_UsingTestNG"/>
  <testcase name="clickConsultButton" time="0.675" classname="edu.apollogrp.tests.UCPSmokeTests.QualTransfer_CallType_UsingTestNG"/>
  <testcase name="clickCaseInfo" time="1.682" classname="edu.apollogrp.tests.UCPSmokeTests.QualTransfer_CallType_UsingTestNG"/>
  <testcase name="clickEnrollmentqualtransfer" time="1.427" classname="edu.apollogrp.tests.UCPSmokeTests.QualTransfer_CallType_UsingTestNG"/>
  <testcase name="clickUserNameER" time="0.505" classname="edu.apollogrp.tests.UCPSmokeTests.QualTransfer_CallType_UsingTestNG"/>
  <testcase name="clickQualify" time="0.295" classname="edu.apollogrp.tests.UCPSmokeTests.QualTransfer_CallType_UsingTestNG"/>
  <testcase name="clickStartTransferButton" time="11.470" classname="edu.apollogrp.tests.UCPSmokeTests.QualTransfer_CallType_UsingTestNG"/>
  <testcase name="clickInstantCallTransfer" time="2.909" classname="edu.apollogrp.tests.UCPSmokeTests.QualTransfer_CallType_UsingTestNG"/>
  <testcase name="clickAgentScritping" time="3.531" classname="edu.apollogrp.tests.UCPSmokeTests.QualTransfer_CallType_UsingTestNG"/>
  <testcase name="setUpER" time="19.751" classname="edu.apollogrp.tests.UCPSmokeTests.QualTransfer_CallType_UsingTestNG"/>
  <testcase name="clickInstantCallConference" time="8.758" classname="edu.apollogrp.tests.UCPSmokeTests.QualTransfer_CallType_UsingTestNG"/>
  <testcase name="clickPassword" time="0.296" classname="edu.apollogrp.tests.UCPSmokeTests.QualTransfer_CallType_UsingTestNG"/>
  <testcase name="markACCCallDone" time="3.211" classname="edu.apollogrp.tests.UCPSmokeTests.QualTransfer_CallType_UsingTestNG"/>
</testsuite> <!-- edu.apollogrp.tests.UCPSmokeTests.QualTransfer_CallType_UsingTestNG -->
