<?xml version="1.0" encoding="UTF-8"?>
<!-- Generated by org.testng.reporters.JUnitReportReporter -->
<testsuite hostname="USPHXAWNC0038Y6" name="com.apollo.agentscripting.qcinboundcall.QCInbound_CallBack" tests="17" failures="0" timestamp="28 Feb 2017 23:56:05 GMT" time="89.508" errors="0">
  <testcase name="clickCallType" time="0.632" classname="com.apollo.agentscripting.qcinboundcall.QCInbound_CallBack"/>
  <testcase name="clickHungups" time="8.347" classname="com.apollo.agentscripting.qcinboundcall.QCInbound_CallBack"/>
  <testcase name="clickOnradioButton" time="0.318" classname="com.apollo.agentscripting.qcinboundcall.QCInbound_CallBack"/>
  <testcase name="clickOnSelectHungUp" time="0.945" classname="com.apollo.agentscripting.qcinboundcall.QCInbound_CallBack"/>
  <testcase name="clickOnEndCall" time="1.011" classname="com.apollo.agentscripting.qcinboundcall.QCInbound_CallBack"/>
  <testcase name="clickPassword" time="0.300" classname="com.apollo.agentscripting.qcinboundcall.QCInbound_CallBack"/>
  <testcase name="setUp" time="11.383" classname="com.apollo.agentscripting.qcinboundcall.QCInbound_CallBack"/>
  <testcase name="checkHistoryTab" time="0.453" classname="com.apollo.agentscripting.qcinboundcall.QCInbound_CallBack"/>
  <testcase name="checkContactTab" time="1.826" classname="com.apollo.agentscripting.qcinboundcall.QCInbound_CallBack"/>
  <testcase name="clickOnEndCallTab" time="0.438" classname="com.apollo.agentscripting.qcinboundcall.QCInbound_CallBack"/>
  <testcase name="clickUserName" time="0.528" classname="com.apollo.agentscripting.qcinboundcall.QCInbound_CallBack"/>
  <testcase name="clickAgentScritping" time="0.293" classname="com.apollo.agentscripting.qcinboundcall.QCInbound_CallBack"/>
  <testcase name="getAgentReady" time="47.449" classname="com.apollo.agentscripting.qcinboundcall.QCInbound_CallBack"/>
  <testcase name="checkContactInformation" time="0.036" classname="com.apollo.agentscripting.qcinboundcall.QCInbound_CallBack"/>
  <testcase name="clickSubmit" time="0.197" classname="com.apollo.agentscripting.qcinboundcall.QCInbound_CallBack"/>
  <testcase name="clickCaseInfo" time="14.560" classname="com.apollo.agentscripting.qcinboundcall.QCInbound_CallBack"/>
  <testcase name="clickDone" time="0.792" classname="com.apollo.agentscripting.qcinboundcall.QCInbound_CallBack"/>
</testsuite> <!-- com.apollo.agentscripting.qcinboundcall.QCInbound_CallBack -->
