<?xml version="1.0" encoding="UTF-8"?>
<!-- Generated by org.testng.reporters.JUnitReportReporter -->
<testsuite hostname="USPHXAWNC0038Y6" name="com.apollo.agentscripting.qcinboundcall.QCInbound_CallBack_TestNG" tests="16" failures="0" timestamp="10 Mar 2017 22:28:20 GMT" time="133.362" errors="0">
  <testcase name="clickPassword" time="0.467" classname="com.apollo.agentscripting.qcinboundcall.QCInbound_CallBack_TestNG"/>
  <testcase name="clickHungups" time="9.432" classname="com.apollo.agentscripting.qcinboundcall.QCInbound_CallBack_TestNG"/>
  <testcase name="checkContactInformation" time="0.037" classname="com.apollo.agentscripting.qcinboundcall.QCInbound_CallBack_TestNG"/>
  <testcase name="clickAgentScritping" time="0.425" classname="com.apollo.agentscripting.qcinboundcall.QCInbound_CallBack_TestNG"/>
  <testcase name="clickOnradioButton" time="0.603" classname="com.apollo.agentscripting.qcinboundcall.QCInbound_CallBack_TestNG"/>
  <testcase name="clickDone" time="0.843" classname="com.apollo.agentscripting.qcinboundcall.QCInbound_CallBack_TestNG"/>
  <testcase name="clickSubmit" time="0.597" classname="com.apollo.agentscripting.qcinboundcall.QCInbound_CallBack_TestNG"/>
  <testcase name="checkHistoryTab" time="0.636" classname="com.apollo.agentscripting.qcinboundcall.QCInbound_CallBack_TestNG"/>
  <testcase name="tearDown" time="1.811" classname="com.apollo.agentscripting.qcinboundcall.QCInbound_CallBack_TestNG"/>
  <testcase name="clickUserName" time="0.713" classname="com.apollo.agentscripting.qcinboundcall.QCInbound_CallBack_TestNG"/>
  <testcase name="checkContactTab" time="31.776" classname="com.apollo.agentscripting.qcinboundcall.QCInbound_CallBack_TestNG"/>
  <testcase name="clickOnSelectHungUp" time="1.754" classname="com.apollo.agentscripting.qcinboundcall.QCInbound_CallBack_TestNG"/>
  <testcase name="clickOnEndCall" time="1.717" classname="com.apollo.agentscripting.qcinboundcall.QCInbound_CallBack_TestNG"/>
  <testcase name="clickOnEndCallTab" time="0.244" classname="com.apollo.agentscripting.qcinboundcall.QCInbound_CallBack_TestNG"/>
  <testcase name="setUp" time="30.353" classname="com.apollo.agentscripting.qcinboundcall.QCInbound_CallBack_TestNG"/>
  <testcase name="getAgentReady" time="51.954" classname="com.apollo.agentscripting.qcinboundcall.QCInbound_CallBack_TestNG"/>
</testsuite> <!-- com.apollo.agentscripting.qcinboundcall.QCInbound_CallBack_TestNG -->
