<?xml version="1.0" encoding="UTF-8"?>
<!-- Generated by org.testng.reporters.JUnitReportReporter -->
<testsuite hostname="USPHXAWNC0038Y6" name="edu.apollogrp.tests.UCPSmokeTests.EmailUtility" tests="1" failures="0" timestamp="24 Feb 2017 22:28:44 GMT" time="20.910" errors="0">
  <testcase name="runTesttOT" time="20.910" classname="edu.apollogrp.tests.UCPSmokeTests.EmailUtility"/>
</testsuite> <!-- edu.apollogrp.tests.UCPSmokeTests.EmailUtility -->
