<?xml version="1.0" encoding="UTF-8"?>
<!-- Generated by org.testng.reporters.JUnitReportReporter -->
<testsuite hostname="USPHXAWNC0038Y6" name="com.apollo.agentscripting.er_inboundcall.ERInbound_AgentScript_QAEnv" tests="13" failures="1" timestamp="10 Feb 2017 16:30:26 GMT" time="53.779" errors="0">
  <testcase name="clickPassword" time="0.133" classname="com.apollo.agentscripting.er_inboundcall.ERInbound_AgentScript_QAEnv"/>
  <testcase name="clickUserName" time="0.346" classname="com.apollo.agentscripting.er_inboundcall.ERInbound_AgentScript_QAEnv"/>
  <testcase name="clickEndCall" time="0.129" classname="com.apollo.agentscripting.er_inboundcall.ERInbound_AgentScript_QAEnv"/>
  <testcase name="clickCallType" time="0.206" classname="com.apollo.agentscripting.er_inboundcall.ERInbound_AgentScript_QAEnv"/>
  <testcase name="checkContactInformation" time="0.069" classname="com.apollo.agentscripting.er_inboundcall.ERInbound_AgentScript_QAEnv"/>
  <testcase name="tearDown" time="0.011" classname="com.apollo.agentscripting.er_inboundcall.ERInbound_AgentScript_QAEnv">
    <failure type="java.lang.NullPointerException">
      <![CDATA[java.lang.NullPointerException
	at com.apollo.googlehangout.GoogleHangout_NoVoice.tearDown(GoogleHangout_NoVoice.java:119)
	at com.apollo.agentscripting.er_inboundcall.ERInbound_AgentScript_QAEnv.tearDown(ERInbound_AgentScript_QAEnv.java:301)
	at sun.reflect.NativeMethodAccessorImpl.invoke0(Native Method)
	at sun.reflect.NativeMethodAccessorImpl.invoke(Unknown Source)
	at sun.reflect.DelegatingMethodAccessorImpl.invoke(Unknown Source)
	at java.lang.reflect.Method.invoke(Unknown Source)
	at org.testng.internal.MethodInvocationHelper.invokeMethod(MethodInvocationHelper.java:84)
	at org.testng.internal.Invoker.invokeMethod(Invoker.java:714)
	at org.testng.internal.Invoker.invokeTestMethod(Invoker.java:901)
	at org.testng.internal.Invoker.invokeTestMethods(Invoker.java:1231)
	at org.testng.internal.TestMethodWorker.invokeTestMethods(TestMethodWorker.java:127)
	at org.testng.internal.TestMethodWorker.run(TestMethodWorker.java:111)
	at org.testng.TestRunner.privateRun(TestRunner.java:767)
	at org.testng.TestRunner.run(TestRunner.java:617)
	at org.testng.SuiteRunner.runTest(SuiteRunner.java:334)
	at org.testng.SuiteRunner.runSequentially(SuiteRunner.java:329)
	at org.testng.SuiteRunner.privateRun(SuiteRunner.java:291)
	at org.testng.SuiteRunner.run(SuiteRunner.java:240)
	at org.testng.SuiteRunnerWorker.runSuite(SuiteRunnerWorker.java:52)
	at org.testng.SuiteRunnerWorker.run(SuiteRunnerWorker.java:86)
	at org.testng.TestNG.runSuitesSequentially(TestNG.java:1224)
	at org.testng.TestNG.runSuitesLocally(TestNG.java:1149)
	at org.testng.TestNG.run(TestNG.java:1057)
	at org.testng.remote.AbstractRemoteTestNG.run(AbstractRemoteTestNG.java:132)
	at org.testng.remote.RemoteTestNG.initAndRun(RemoteTestNG.java:236)
	at org.testng.remote.RemoteTestNG.main(RemoteTestNG.java:81)
]]>
    </failure>
  </testcase> <!-- tearDown -->
  <testcase name="clickCaseInfo" time="19.835" classname="com.apollo.agentscripting.er_inboundcall.ERInbound_AgentScript_QAEnv"/>
  <testcase name="clickSubmit" time="0.108" classname="com.apollo.agentscripting.er_inboundcall.ERInbound_AgentScript_QAEnv"/>
  <testcase name="clickDoneButton" time="0.801" classname="com.apollo.agentscripting.er_inboundcall.ERInbound_AgentScript_QAEnv"/>
  <testcase name="setUp" time="10.140" classname="com.apollo.agentscripting.er_inboundcall.ERInbound_AgentScript_QAEnv"/>
  <testcase name="getAgentReady" time="7.747" classname="com.apollo.agentscripting.er_inboundcall.ERInbound_AgentScript_QAEnv"/>
  <testcase name="checkContactTab" time="0.057" classname="com.apollo.agentscripting.er_inboundcall.ERInbound_AgentScript_QAEnv"/>
  <testcase name="getCall" time="14.197" classname="com.apollo.agentscripting.er_inboundcall.ERInbound_AgentScript_QAEnv"/>
</testsuite> <!-- com.apollo.agentscripting.er_inboundcall.ERInbound_AgentScript_QAEnv -->
