<?xml version="1.0" encoding="UTF-8"?>
<!-- Generated by org.testng.reporters.JUnitReportReporter -->
<testsuite hostname="USPHXAWNC0038Y6" name="com.apollo.googlehangout.CopyOfGoogleHangout_NoVoice" tests="3" failures="0" timestamp="14 Feb 2017 18:13:51 GMT" time="37.565" errors="0">
  <testcase name="setUp" time="14.936" classname="com.apollo.googlehangout.CopyOfGoogleHangout_NoVoice"/>
  <testcase name="loginGmail" time="11.301" classname="com.apollo.googlehangout.CopyOfGoogleHangout_NoVoice"/>
  <testcase name="loginHangouts" time="11.328" classname="com.apollo.googlehangout.CopyOfGoogleHangout_NoVoice"/>
</testsuite> <!-- com.apollo.googlehangout.CopyOfGoogleHangout_NoVoice -->
