<?xml version="1.0" encoding="UTF-8"?>
<!-- Generated by org.testng.reporters.JUnitReportReporter -->
<testsuite hostname="USPHXAWNC0038Y6" name="com.apollo.googlehangout.GoogleHangoutCalls" tests="6" failures="0" timestamp="2 Feb 2017 18:45:16 GMT" time="71.192" errors="0">
  <testcase name="loginGmail" time="1.564" classname="com.apollo.googlehangout.GoogleHangoutCalls"/>
  <testcase name="launchGoogleVoice" time="8.001" classname="com.apollo.googlehangout.GoogleHangoutCalls"/>
  <testcase name="switchPopUpWin" time="43.855" classname="com.apollo.googlehangout.GoogleHangoutCalls"/>
  <testcase name="makeCall" time="0.757" classname="com.apollo.googlehangout.GoogleHangoutCalls"/>
  <testcase name="launchGoogleHangOut" time="3.118" classname="com.apollo.googlehangout.GoogleHangoutCalls"/>
  <testcase name="setUp" time="13.897" classname="com.apollo.googlehangout.GoogleHangoutCalls"/>
</testsuite> <!-- com.apollo.googlehangout.GoogleHangoutCalls -->
