<?xml version="1.0" encoding="UTF-8"?>
<!-- Generated by org.testng.reporters.JUnitReportReporter -->
<testsuite hostname="USPHXAWNC0038Y6" name="com.apollo.agentscripting.qcinboundcall.QCInbound_AgentScript_QAEnv" tests="17" failures="0" timestamp="28 Feb 2017 23:47:46 GMT" time="68.184" errors="0">
  <testcase name="clickDone" time="0.344" classname="com.apollo.agentscripting.qcinboundcall.QCInbound_AgentScript_QAEnv"/>
  <testcase name="clickCaseInfo" time="1.271" classname="com.apollo.agentscripting.qcinboundcall.QCInbound_AgentScript_QAEnv"/>
  <testcase name="clickOnSelectHungUp" time="1.283" classname="com.apollo.agentscripting.qcinboundcall.QCInbound_AgentScript_QAEnv"/>
  <testcase name="clickCallType" time="0.148" classname="com.apollo.agentscripting.qcinboundcall.QCInbound_AgentScript_QAEnv"/>
  <testcase name="checkContactTab" time="0.511" classname="com.apollo.agentscripting.qcinboundcall.QCInbound_AgentScript_QAEnv"/>
  <testcase name="clickPassword" time="0.345" classname="com.apollo.agentscripting.qcinboundcall.QCInbound_AgentScript_QAEnv"/>
  <testcase name="clickHungups" time="8.419" classname="com.apollo.agentscripting.qcinboundcall.QCInbound_AgentScript_QAEnv"/>
  <testcase name="clickOnradioButton" time="0.258" classname="com.apollo.agentscripting.qcinboundcall.QCInbound_AgentScript_QAEnv"/>
  <testcase name="setUp" time="12.324" classname="com.apollo.agentscripting.qcinboundcall.QCInbound_AgentScript_QAEnv"/>
  <testcase name="checkContactInformation" time="0.018" classname="com.apollo.agentscripting.qcinboundcall.QCInbound_AgentScript_QAEnv"/>
  <testcase name="clickOnEndCall" time="1.198" classname="com.apollo.agentscripting.qcinboundcall.QCInbound_AgentScript_QAEnv"/>
  <testcase name="clickUserName" time="0.335" classname="com.apollo.agentscripting.qcinboundcall.QCInbound_AgentScript_QAEnv"/>
  <testcase name="checkHistoryTab" time="0.841" classname="com.apollo.agentscripting.qcinboundcall.QCInbound_AgentScript_QAEnv"/>
  <testcase name="clickAgentScritping" time="0.359" classname="com.apollo.agentscripting.qcinboundcall.QCInbound_AgentScript_QAEnv"/>
  <testcase name="clickOnEndCallTab" time="0.228" classname="com.apollo.agentscripting.qcinboundcall.QCInbound_AgentScript_QAEnv"/>
  <testcase name="clickSubmit" time="0.287" classname="com.apollo.agentscripting.qcinboundcall.QCInbound_AgentScript_QAEnv"/>
  <testcase name="getAgentReady" time="40.015" classname="com.apollo.agentscripting.qcinboundcall.QCInbound_AgentScript_QAEnv"/>
</testsuite> <!-- com.apollo.agentscripting.qcinboundcall.QCInbound_AgentScript_QAEnv -->
