<?xml version="1.0" encoding="UTF-8"?>
<!-- Generated by org.testng.reporters.JUnitReportReporter -->
<testsuite hostname="USPHXAWNC0038Y6" name="com.apollo.agentscripting.er_inboundcall.ERInbound_AgentScript_QAEnv" tests="12" failures="0" timestamp="21 Feb 2017 17:32:04 GMT" time="93.618" errors="0">
  <testcase name="getCall" time="41.437" classname="com.apollo.agentscripting.er_inboundcall.ERInbound_AgentScript_QAEnv"/>
  <testcase name="tearDown" time="0.035" classname="com.apollo.agentscripting.er_inboundcall.ERInbound_AgentScript_QAEnv"/>
  <testcase name="checkContactTab" time="0.129" classname="com.apollo.agentscripting.er_inboundcall.ERInbound_AgentScript_QAEnv"/>
  <testcase name="getAgentReady" time="8.907" classname="com.apollo.agentscripting.er_inboundcall.ERInbound_AgentScript_QAEnv"/>
  <testcase name="clickUserName" time="0.412" classname="com.apollo.agentscripting.er_inboundcall.ERInbound_AgentScript_QAEnv"/>
  <testcase name="clickSubmit" time="0.204" classname="com.apollo.agentscripting.er_inboundcall.ERInbound_AgentScript_QAEnv"/>
  <testcase name="setUp" time="21.927" classname="com.apollo.agentscripting.er_inboundcall.ERInbound_AgentScript_QAEnv"/>
  <testcase name="clickEndCall" time="2.139" classname="com.apollo.agentscripting.er_inboundcall.ERInbound_AgentScript_QAEnv"/>
  <testcase name="clickCaseInfo" time="16.579" classname="com.apollo.agentscripting.er_inboundcall.ERInbound_AgentScript_QAEnv"/>
  <testcase name="clickPassword" time="0.493" classname="com.apollo.agentscripting.er_inboundcall.ERInbound_AgentScript_QAEnv"/>
  <testcase name="clickDoneButton" time="1.211" classname="com.apollo.agentscripting.er_inboundcall.ERInbound_AgentScript_QAEnv"/>
  <testcase name="checkContactInformation" time="0.145" classname="com.apollo.agentscripting.er_inboundcall.ERInbound_AgentScript_QAEnv"/>
</testsuite> <!-- com.apollo.agentscripting.er_inboundcall.ERInbound_AgentScript_QAEnv -->
