<?xml version="1.0" encoding="UTF-8" ?>
<testsuite tests="4" failures="0" name="com.czeczotka.bdd.runner.RunCalculatorTest" time="0.491" errors="0" skipped="0">
  <properties>
    <property name="java.runtime.name" value="Java(TM) SE Runtime Environment"/>
    <property name="sun.boot.library.path" value="C:\Program Files\Java\jre1.8.0_101\bin"/>
    <property name="java.vm.version" value="25.101-b13"/>
    <property name="java.vm.vendor" value="Oracle Corporation"/>
    <property name="java.vendor.url" value="http://java.oracle.com/"/>
    <property name="path.separator" value=";"/>
    <property name="java.vm.name" value="Java HotSpot(TM) 64-Bit Server VM"/>
    <property name="file.encoding.pkg" value="sun.io"/>
    <property name="user.script" value=""/>
    <property name="user.country" value="US"/>
    <property name="sun.java.launcher" value="SUN_STANDARD"/>
    <property name="sun.os.patch.level" value="Service Pack 1"/>
    <property name="java.vm.specification.name" value="Java Virtual Machine Specification"/>
    <property name="user.dir" value="C:\Users\gmittal\workspace_juno\cucumber-jvm-maven"/>
    <property name="java.runtime.version" value="1.8.0_101-b13"/>
    <property name="java.awt.graphicsenv" value="sun.awt.Win32GraphicsEnvironment"/>
    <property name="basedir" value="C:\Users\gmittal\workspace_juno\cucumber-jvm-maven"/>
    <property name="java.endorsed.dirs" value="C:\Program Files\Java\jre1.8.0_101\lib\endorsed"/>
    <property name="os.arch" value="amd64"/>
    <property name="surefire.real.class.path" value="C:\Users\gmittal\workspace_juno\cucumber-jvm-maven\target\surefire\surefirebooter4774232637588510418.jar"/>
    <property name="java.io.tmpdir" value="C:\Users\gmittal\AppData\Local\Temp\"/>
    <property name="line.separator" value="
"/>
    <property name="java.vm.specification.vendor" value="Oracle Corporation"/>
    <property name="user.variant" value=""/>
    <property name="os.name" value="Windows 7"/>
    <property name="sun.jnu.encoding" value="Cp1252"/>
    <property name="java.library.path" value="C:\Program Files\Java\jre1.8.0_101\bin;C:\Windows\Sun\Java\bin;C:\Windows\system32;C:\Windows;C:/Program Files/Java/jdk1.8.0_101/bin/../jre/bin/server;C:/Program Files/Java/jdk1.8.0_101/bin/../jre/bin;C:/Program Files/Java/jdk1.8.0_101/bin/../jre/lib/amd64;C:\ProgramData\Oracle\Java\javapath;C:\Windows\system32;C:\Windows;C:\Windows\System32\Wbem;C:\Windows\System32\WindowsPowerShell\v1.0\;C:\Program Files\Java\jdk1.8.0_101\bin;C:\Oracle\product\11.1.0\client_1\BIN;C:\Program Files (x86)\HP\Unified Functional Testing\bin;C:\Users\gmittal\Downloads\apache-tomcat-7.0.75-windows-x64\apache-tomcat-7.0.75;C:\Appium\Android_SDK\android-sdk_r24.4.1-windows\sdk\tools;C:\Appium\Android_SDK\android-sdk_r24.4.1-windows\sdk\platforms;C:\Program Files\nodejs\;C:\Appium\Android_SDK\android-sdk_r24.4.1-windows\sdk\platform-tools;C:\Program Files\Git\cmd;C:\Program Files (x86)\Skype\Phone\;C:\Program Files\TortoiseSVN\bin;C:\Users\gmittal\AppData\Local\Programs\Python\Python35-32\Scripts\;C:\Users\gmittal\AppData\Local\Programs\Python\Python35-32\;C:\Users\gmittal\Downloads\apache-tomcat-7.0.75-windows-x64\apache-tomcat-7.0.75;C:\Users\gmittal\AppData\Roaming\npm;C:\Program Files\Docker Toolbox;C:\Users\gmittal\Downloads\eclipse-jee-juno-SR2-win32-x86_64\eclipse;;."/>
    <property name="surefire.test.class.path" value="C:\Users\gmittal\workspace_juno\cucumber-jvm-maven\target\test-classes;C:\Users\gmittal\workspace_juno\cucumber-jvm-maven\target\classes;C:\Users\gmittal\.m2\repository\info\cukes\cucumber-java\1.1.8\cucumber-java-1.1.8.jar;C:\Users\gmittal\.m2\repository\info\cukes\cucumber-core\1.1.8\cucumber-core-1.1.8.jar;C:\Users\gmittal\.m2\repository\info\cukes\cucumber-html\0.2.3\cucumber-html-0.2.3.jar;C:\Users\gmittal\.m2\repository\info\cukes\cucumber-jvm-deps\1.0.3\cucumber-jvm-deps-1.0.3.jar;C:\Users\gmittal\.m2\repository\info\cukes\gherkin\2.12.2\gherkin-2.12.2.jar;C:\Users\gmittal\.m2\repository\info\cukes\cucumber-junit\1.1.8\cucumber-junit-1.1.8.jar;C:\Users\gmittal\.m2\repository\junit\junit\4.11\junit-4.11.jar;C:\Users\gmittal\.m2\repository\org\hamcrest\hamcrest-core\1.3\hamcrest-core-1.3.jar;"/>
    <property name="java.specification.name" value="Java Platform API Specification"/>
    <property name="java.class.version" value="52.0"/>
    <property name="sun.management.compiler" value="HotSpot 64-Bit Tiered Compilers"/>
    <property name="os.version" value="6.1"/>
    <property name="user.home" value="C:\Users\gmittal"/>
    <property name="user.timezone" value="America/Phoenix"/>
    <property name="java.awt.printerjob" value="sun.awt.windows.WPrinterJob"/>
    <property name="java.specification.version" value="1.8"/>
    <property name="file.encoding" value="Cp1252"/>
    <property name="user.name" value="gmittal"/>
    <property name="java.class.path" value="C:\Users\gmittal\workspace_juno\cucumber-jvm-maven\target\test-classes;C:\Users\gmittal\workspace_juno\cucumber-jvm-maven\target\classes;C:\Users\gmittal\.m2\repository\info\cukes\cucumber-java\1.1.8\cucumber-java-1.1.8.jar;C:\Users\gmittal\.m2\repository\info\cukes\cucumber-core\1.1.8\cucumber-core-1.1.8.jar;C:\Users\gmittal\.m2\repository\info\cukes\cucumber-html\0.2.3\cucumber-html-0.2.3.jar;C:\Users\gmittal\.m2\repository\info\cukes\cucumber-jvm-deps\1.0.3\cucumber-jvm-deps-1.0.3.jar;C:\Users\gmittal\.m2\repository\info\cukes\gherkin\2.12.2\gherkin-2.12.2.jar;C:\Users\gmittal\.m2\repository\info\cukes\cucumber-junit\1.1.8\cucumber-junit-1.1.8.jar;C:\Users\gmittal\.m2\repository\junit\junit\4.11\junit-4.11.jar;C:\Users\gmittal\.m2\repository\org\hamcrest\hamcrest-core\1.3\hamcrest-core-1.3.jar;"/>
    <property name="java.vm.specification.version" value="1.8"/>
    <property name="sun.arch.data.model" value="64"/>
    <property name="java.home" value="C:\Program Files\Java\jre1.8.0_101"/>
    <property name="sun.java.command" value="C:\Users\gmittal\workspace_juno\cucumber-jvm-maven\target\surefire\surefirebooter4774232637588510418.jar C:\Users\gmittal\workspace_juno\cucumber-jvm-maven\target\surefire\surefire4163041040691912341tmp C:\Users\gmittal\workspace_juno\cucumber-jvm-maven\target\surefire\surefire131985966160034793tmp"/>
    <property name="java.specification.vendor" value="Oracle Corporation"/>
    <property name="user.language" value="en"/>
    <property name="awt.toolkit" value="sun.awt.windows.WToolkit"/>
    <property name="java.vm.info" value="mixed mode"/>
    <property name="java.version" value="1.8.0_101"/>
    <property name="java.ext.dirs" value="C:\Program Files\Java\jre1.8.0_101\lib\ext;C:\Windows\Sun\Java\lib\ext"/>
    <property name="sun.boot.class.path" value="C:\Program Files\Java\jre1.8.0_101\lib\resources.jar;C:\Program Files\Java\jre1.8.0_101\lib\rt.jar;C:\Program Files\Java\jre1.8.0_101\lib\sunrsasign.jar;C:\Program Files\Java\jre1.8.0_101\lib\jsse.jar;C:\Program Files\Java\jre1.8.0_101\lib\jce.jar;C:\Program Files\Java\jre1.8.0_101\lib\charsets.jar;C:\Program Files\Java\jre1.8.0_101\lib\jfr.jar;C:\Program Files\Java\jre1.8.0_101\classes"/>
    <property name="java.vendor" value="Oracle Corporation"/>
    <property name="localRepository" value="C:\Users\gmittal\.m2\repository"/>
    <property name="file.separator" value="\"/>
    <property name="java.vendor.url.bug" value="http://bugreport.sun.com/bugreport/"/>
    <property name="sun.cpu.endian" value="little"/>
    <property name="sun.io.unicode.encoding" value="UnicodeLittle"/>
    <property name="sun.desktop" value="windows"/>
    <property name="sun.cpu.isalist" value="amd64"/>
  </properties>
  <testcase classname="Scenario: Add two numbers" name="Given I have a calculator" time="0.001"/>
  <testcase classname="Scenario: Add two numbers" name="When I add 2 and 3" time="0"/>
  <testcase classname="Scenario: Add two numbers" name="Then the result should be 5" time="0.001"/>
  <testcase classname="Scenario: Add two numbers" name="Scenario: Add two numbers" time="0.001"/>
</testsuite>