<?xml version="1.0" encoding="UTF-8"?>
<!-- Generated by org.testng.reporters.JUnitReportReporter -->
<testsuite hostname="USPHXAWNC0038Y6" name="com.mkyong.testng.examples.group.TestSelenium" tests="2" failures="0" timestamp="28 Dec 2016 23:05:44 GMT" time="0.013" errors="0">
  <testcase name="runSelenium1" time="0.004" classname="com.mkyong.testng.examples.group.TestSelenium"/>
  <testcase name="runSelenium" time="0.009" classname="com.mkyong.testng.examples.group.TestSelenium"/>
</testsuite> <!-- com.mkyong.testng.examples.group.TestSelenium -->
