<?xml version="1.0" encoding="UTF-8" ?>
<testsuite tests="22" failures="0" name="TestSuite" time="4,273.508" errors="0" skipped="0">
  <properties>
    <property name="java.runtime.name" value="Java(TM) SE Runtime Environment"/>
    <property name="sun.boot.library.path" value="C:\Program Files\Java\jre1.8.0_101\bin"/>
    <property name="java.vm.version" value="25.101-b13"/>
    <property name="java.vm.vendor" value="Oracle Corporation"/>
    <property name="java.vendor.url" value="http://java.oracle.com/"/>
    <property name="path.separator" value=";"/>
    <property name="java.vm.name" value="Java HotSpot(TM) 64-Bit Server VM"/>
    <property name="file.encoding.pkg" value="sun.io"/>
    <property name="user.script" value=""/>
    <property name="user.country" value="US"/>
    <property name="sun.java.launcher" value="SUN_STANDARD"/>
    <property name="sun.os.patch.level" value="Service Pack 1"/>
    <property name="java.vm.specification.name" value="Java Virtual Machine Specification"/>
    <property name="user.dir" value="C:\Users\gmittal\workspace_juno\UCPQualTransfer_SmokeTest"/>
    <property name="java.runtime.version" value="1.8.0_101-b13"/>
    <property name="java.awt.graphicsenv" value="sun.awt.Win32GraphicsEnvironment"/>
    <property name="basedir" value="C:\Users\gmittal\workspace_juno\UCPQualTransfer_SmokeTest"/>
    <property name="java.endorsed.dirs" value="C:\Program Files\Java\jre1.8.0_101\lib\endorsed"/>
    <property name="os.arch" value="amd64"/>
    <property name="surefire.real.class.path" value="C:\Users\gmittal\AppData\Local\Temp\surefirebooter8897801131441460796.jar"/>
    <property name="java.io.tmpdir" value="C:\Users\gmittal\AppData\Local\Temp\"/>
    <property name="line.separator" value="
"/>
    <property name="java.vm.specification.vendor" value="Oracle Corporation"/>
    <property name="user.variant" value=""/>
    <property name="os.name" value="Windows 7"/>
    <property name="sun.jnu.encoding" value="Cp1252"/>
    <property name="java.library.path" value="C:\Program Files\Java\jre1.8.0_101\bin;C:\Windows\Sun\Java\bin;C:\Windows\system32;C:\Windows;C:/Program Files/Java/jdk1.8.0_101/bin/../jre/bin/server;C:/Program Files/Java/jdk1.8.0_101/bin/../jre/bin;C:/Program Files/Java/jdk1.8.0_101/bin/../jre/lib/amd64;C:\ProgramData\Oracle\Java\javapath;C:\Windows\system32;C:\Windows;C:\Windows\System32\Wbem;C:\Windows\System32\WindowsPowerShell\v1.0\;C:\Program Files\Java\jdk1.8.0_101\bin;C:\Oracle\product\11.1.0\client_1\BIN;C:\Program Files (x86)\HP\Unified Functional Testing\bin;C:\Users\gmittal\Downloads\apache-tomcat-7.0.72\apache-tomcat-7.0.72\bin;C:\Appium\Android_SDK\android-sdk_r24.4.1-windows\sdk\tools;C:\Appium\Android_SDK\android-sdk_r24.4.1-windows\sdk\platforms;C:\Program Files\nodejs\;C:\Appium\Android_SDK\android-sdk_r24.4.1-windows\sdk\platform-tools;C:\Program Files\Git\cmd;C:\Program Files (x86)\Skype\Phone\;C:\Program Files\TortoiseSVN\bin;C:\Users\gmittal\AppData\Local\Programs\Python\Python35-32\Scripts\;C:\Users\gmittal\AppData\Local\Programs\Python\Python35-32\;C:\Users\gmittal\Downloads\apache-tomcat-7.0.72\apache-tomcat-7.0.72\bin;C:\Users\gmittal\AppData\Roaming\npm;C:\Program Files\Docker Toolbox;C:\Users\gmittal\Downloads\eclipse-jee-juno-SR2-win32-x86_64\eclipse;;."/>
    <property name="surefire.test.class.path" value="C:\Users\gmittal\workspace_juno\UCPQualTransfer_SmokeTest\target\test-classes;C:\Users\gmittal\workspace_juno\UCPQualTransfer_SmokeTest\target\classes;C:\Users\gmittal\.m2\repository\org\uncommons\reportng\1.1.2\reportng-1.1.2.jar;C:\Users\gmittal\.m2\repository\velocity\velocity\1.4\velocity-1.4.jar;C:\Users\gmittal\.m2\repository\velocity\velocity-dep\1.4\velocity-dep-1.4.jar;C:\Users\gmittal\.m2\repository\javax\mail\mail\1.4\mail-1.4.jar;C:\Users\gmittal\.m2\repository\javax\activation\activation\1.1\activation-1.1.jar;C:\Users\gmittal\.m2\repository\com\microsoft\ews-java-api\ews-java-api\2.0\ews-java-api-2.0.jar;C:\Users\gmittal\.m2\repository\org\apache\httpcomponents\httpclient\4.4.1\httpclient-4.4.1.jar;C:\Users\gmittal\.m2\repository\org\apache\httpcomponents\httpcore\4.4.1\httpcore-4.4.1.jar;C:\Users\gmittal\.m2\repository\commons-logging\commons-logging\1.2\commons-logging-1.2.jar;C:\Users\gmittal\.m2\repository\org\apache\commons\commons-lang3\3.4\commons-lang3-3.4.jar;C:\Users\gmittal\.m2\repository\joda-time\joda-time\2.8\joda-time-2.8.jar;C:\Users\gmittal\.m2\repository\org\seleniumhq\selenium\selenium-java\2.53.1\selenium-java-2.53.1.jar;C:\Users\gmittal\.m2\repository\org\seleniumhq\selenium\selenium-chrome-driver\2.53.1\selenium-chrome-driver-2.53.1.jar;C:\Users\gmittal\.m2\repository\org\seleniumhq\selenium\selenium-remote-driver\2.53.1\selenium-remote-driver-2.53.1.jar;C:\Users\gmittal\.m2\repository\cglib\cglib-nodep\2.1_3\cglib-nodep-2.1_3.jar;C:\Users\gmittal\.m2\repository\com\google\code\gson\gson\2.3.1\gson-2.3.1.jar;C:\Users\gmittal\.m2\repository\org\seleniumhq\selenium\selenium-api\2.53.1\selenium-api-2.53.1.jar;C:\Users\gmittal\.m2\repository\com\google\guava\guava\19.0\guava-19.0.jar;C:\Users\gmittal\.m2\repository\org\seleniumhq\selenium\selenium-edge-driver\2.53.1\selenium-edge-driver-2.53.1.jar;C:\Users\gmittal\.m2\repository\commons-io\commons-io\2.4\commons-io-2.4.jar;C:\Users\gmittal\.m2\repository\org\apache\commons\commons-exec\1.3\commons-exec-1.3.jar;C:\Users\gmittal\.m2\repository\org\seleniumhq\selenium\htmlunit-driver\2.21\htmlunit-driver-2.21.jar;C:\Users\gmittal\.m2\repository\net\sourceforge\htmlunit\htmlunit\2.21\htmlunit-2.21.jar;C:\Users\gmittal\.m2\repository\xalan\xalan\2.7.2\xalan-2.7.2.jar;C:\Users\gmittal\.m2\repository\xalan\serializer\2.7.2\serializer-2.7.2.jar;C:\Users\gmittal\.m2\repository\org\apache\httpcomponents\httpmime\4.5.2\httpmime-4.5.2.jar;C:\Users\gmittal\.m2\repository\net\sourceforge\htmlunit\htmlunit-core-js\2.17\htmlunit-core-js-2.17.jar;C:\Users\gmittal\.m2\repository\net\sourceforge\htmlunit\neko-htmlunit\2.21\neko-htmlunit-2.21.jar;C:\Users\gmittal\.m2\repository\xerces\xercesImpl\2.11.0\xercesImpl-2.11.0.jar;C:\Users\gmittal\.m2\repository\xml-apis\xml-apis\1.4.01\xml-apis-1.4.01.jar;C:\Users\gmittal\.m2\repository\net\sourceforge\cssparser\cssparser\0.9.18\cssparser-0.9.18.jar;C:\Users\gmittal\.m2\repository\org\w3c\css\sac\1.3\sac-1.3.jar;C:\Users\gmittal\.m2\repository\org\eclipse\jetty\websocket\websocket-client\9.2.15.v20160210\websocket-client-9.2.15.v20160210.jar;C:\Users\gmittal\.m2\repository\org\eclipse\jetty\jetty-util\9.2.15.v20160210\jetty-util-9.2.15.v20160210.jar;C:\Users\gmittal\.m2\repository\org\eclipse\jetty\jetty-io\9.2.15.v20160210\jetty-io-9.2.15.v20160210.jar;C:\Users\gmittal\.m2\repository\org\eclipse\jetty\websocket\websocket-common\9.2.15.v20160210\websocket-common-9.2.15.v20160210.jar;C:\Users\gmittal\.m2\repository\org\eclipse\jetty\websocket\websocket-api\9.2.15.v20160210\websocket-api-9.2.15.v20160210.jar;C:\Users\gmittal\.m2\repository\commons-collections\commons-collections\3.2.2\commons-collections-3.2.2.jar;C:\Users\gmittal\.m2\repository\org\seleniumhq\selenium\selenium-firefox-driver\2.53.1\selenium-firefox-driver-2.53.1.jar;C:\Users\gmittal\.m2\repository\org\seleniumhq\selenium\selenium-ie-driver\2.53.1\selenium-ie-driver-2.53.1.jar;C:\Users\gmittal\.m2\repository\net\java\dev\jna\jna\4.1.0\jna-4.1.0.jar;C:\Users\gmittal\.m2\repository\net\java\dev\jna\jna-platform\4.1.0\jna-platform-4.1.0.jar;C:\Users\gmittal\.m2\repository\org\seleniumhq\selenium\selenium-safari-driver\2.53.1\selenium-safari-driver-2.53.1.jar;C:\Users\gmittal\.m2\repository\io\netty\netty\3.5.7.Final\netty-3.5.7.Final.jar;C:\Users\gmittal\.m2\repository\org\seleniumhq\selenium\selenium-support\2.53.1\selenium-support-2.53.1.jar;C:\Users\gmittal\.m2\repository\org\seleniumhq\selenium\selenium-leg-rc\2.53.1\selenium-leg-rc-2.53.1.jar;C:\Users\gmittal\.m2\repository\edu\apollo\ui\ada\lib\adacheckerlib\1.0.0-SNAPSHOT\adacheckerlib-1.0.0-SNAPSHOT.jar;C:\Users\gmittal\.m2\repository\com\deque\axe-selenium\2.0\axe-selenium-2.0.jar;C:\Users\gmittal\.m2\repository\org\json\json\20160212\json-20160212.jar;C:\Users\gmittal\.m2\repository\com\fasterxml\jackson\core\jackson-databind\2.6.6\jackson-databind-2.6.6.jar;C:\Users\gmittal\.m2\repository\com\fasterxml\jackson\core\jackson-annotations\2.6.0\jackson-annotations-2.6.0.jar;C:\Users\gmittal\.m2\repository\com\fasterxml\jackson\core\jackson-core\2.6.6\jackson-core-2.6.6.jar;C:\Users\gmittal\.m2\repository\commons-lang\commons-lang\2.6\commons-lang-2.6.jar;C:\Users\gmittal\.m2\repository\edu\apollogrp\FrontendTestFrameworkKC\0.0.4\FrontendTestFrameworkKC-0.0.4.jar;C:\Users\gmittal\.m2\repository\org\sikuli\sikuli-core\2.0.0\sikuli-core-2.0.0.jar;C:\Users\gmittal\.m2\repository\org\apache\poi\poi\3.7\poi-3.7.jar;C:\Users\gmittal\.m2\repository\biz\neustar\browsermob-proxy\2.0\browsermob-proxy-2.0.jar;C:\Users\gmittal\.m2\repository\log4j\log4j\1.2.16\log4j-1.2.16.jar;C:\Users\gmittal\.m2\repository\org\apache\commons\commons-io\1.3.2\commons-io-1.3.2.jar;C:\Users\gmittal\.m2\repository\com\google\inject\guice\3.0\guice-3.0.jar;C:\Users\gmittal\.m2\repository\javax\inject\javax.inject\1\javax.inject-1.jar;C:\Users\gmittal\.m2\repository\aopalliance\aopalliance\1.0\aopalliance-1.0.jar;C:\Users\gmittal\.m2\repository\org\apache\commons\commons-email\1.2\commons-email-1.2.jar;C:\Users\gmittal\.m2\repository\org\testng\testng\6.8.5\testng-6.8.5.jar;C:\Users\gmittal\.m2\repository\junit\junit\4.10\junit-4.10.jar;C:\Users\gmittal\.m2\repository\org\hamcrest\hamcrest-core\1.1\hamcrest-core-1.1.jar;C:\Users\gmittal\.m2\repository\org\beanshell\bsh\2.0b4\bsh-2.0b4.jar;C:\Users\gmittal\.m2\repository\com\beust\jcommander\1.27\jcommander-1.27.jar;C:\Users\gmittal\.m2\repository\org\yaml\snakeyaml\1.6\snakeyaml-1.6.jar;C:\Users\gmittal\.m2\repository\org\seleniumhq\selenium\selenium-server\2.53.1\selenium-server-2.53.1.jar;C:\Users\gmittal\.m2\repository\org\bouncycastle\bcprov-jdk15on\1.48\bcprov-jdk15on-1.48.jar;C:\Users\gmittal\.m2\repository\org\bouncycastle\bcpkix-jdk15on\1.48\bcpkix-jdk15on-1.48.jar;C:\Users\gmittal\.m2\repository\mx4j\mx4j-tools\3.0.1\mx4j-tools-3.0.1.jar;C:\Users\gmittal\.m2\repository\org\seleniumhq\selenium\jetty-repacked\9.2.13.v20150730\jetty-repacked-9.2.13.v20150730.jar;C:\Users\gmittal\.m2\repository\javax\servlet\javax.servlet-api\3.1.0\javax.servlet-api-3.1.0.jar;C:\Users\gmittal\.m2\repository\org\seleniumhq\selenium\jetty-rc-repacked\5\jetty-rc-repacked-5.jar;C:\Users\gmittal\.m2\repository\net\jcip\jcip-annotations\1.0\jcip-annotations-1.0.jar;C:\Users\gmittal\.m2\repository\commons-codec\commons-codec\1.10\commons-codec-1.10.jar;"/>
    <property name="java.specification.name" value="Java Platform API Specification"/>
    <property name="java.class.version" value="52.0"/>
    <property name="sun.management.compiler" value="HotSpot 64-Bit Tiered Compilers"/>
    <property name="os.version" value="6.1"/>
    <property name="user.home" value="C:\Users\gmittal"/>
    <property name="user.timezone" value="America/Phoenix"/>
    <property name="java.awt.printerjob" value="sun.awt.windows.WPrinterJob"/>
    <property name="java.specification.version" value="1.8"/>
    <property name="file.encoding" value="Cp1252"/>
    <property name="user.name" value="gmittal"/>
    <property name="java.class.path" value="C:\Users\gmittal\workspace_juno\UCPQualTransfer_SmokeTest\target\test-classes;C:\Users\gmittal\workspace_juno\UCPQualTransfer_SmokeTest\target\classes;C:\Users\gmittal\.m2\repository\org\uncommons\reportng\1.1.2\reportng-1.1.2.jar;C:\Users\gmittal\.m2\repository\velocity\velocity\1.4\velocity-1.4.jar;C:\Users\gmittal\.m2\repository\velocity\velocity-dep\1.4\velocity-dep-1.4.jar;C:\Users\gmittal\.m2\repository\javax\mail\mail\1.4\mail-1.4.jar;C:\Users\gmittal\.m2\repository\javax\activation\activation\1.1\activation-1.1.jar;C:\Users\gmittal\.m2\repository\com\microsoft\ews-java-api\ews-java-api\2.0\ews-java-api-2.0.jar;C:\Users\gmittal\.m2\repository\org\apache\httpcomponents\httpclient\4.4.1\httpclient-4.4.1.jar;C:\Users\gmittal\.m2\repository\org\apache\httpcomponents\httpcore\4.4.1\httpcore-4.4.1.jar;C:\Users\gmittal\.m2\repository\commons-logging\commons-logging\1.2\commons-logging-1.2.jar;C:\Users\gmittal\.m2\repository\org\apache\commons\commons-lang3\3.4\commons-lang3-3.4.jar;C:\Users\gmittal\.m2\repository\joda-time\joda-time\2.8\joda-time-2.8.jar;C:\Users\gmittal\.m2\repository\org\seleniumhq\selenium\selenium-java\2.53.1\selenium-java-2.53.1.jar;C:\Users\gmittal\.m2\repository\org\seleniumhq\selenium\selenium-chrome-driver\2.53.1\selenium-chrome-driver-2.53.1.jar;C:\Users\gmittal\.m2\repository\org\seleniumhq\selenium\selenium-remote-driver\2.53.1\selenium-remote-driver-2.53.1.jar;C:\Users\gmittal\.m2\repository\cglib\cglib-nodep\2.1_3\cglib-nodep-2.1_3.jar;C:\Users\gmittal\.m2\repository\com\google\code\gson\gson\2.3.1\gson-2.3.1.jar;C:\Users\gmittal\.m2\repository\org\seleniumhq\selenium\selenium-api\2.53.1\selenium-api-2.53.1.jar;C:\Users\gmittal\.m2\repository\com\google\guava\guava\19.0\guava-19.0.jar;C:\Users\gmittal\.m2\repository\org\seleniumhq\selenium\selenium-edge-driver\2.53.1\selenium-edge-driver-2.53.1.jar;C:\Users\gmittal\.m2\repository\commons-io\commons-io\2.4\commons-io-2.4.jar;C:\Users\gmittal\.m2\repository\org\apache\commons\commons-exec\1.3\commons-exec-1.3.jar;C:\Users\gmittal\.m2\repository\org\seleniumhq\selenium\htmlunit-driver\2.21\htmlunit-driver-2.21.jar;C:\Users\gmittal\.m2\repository\net\sourceforge\htmlunit\htmlunit\2.21\htmlunit-2.21.jar;C:\Users\gmittal\.m2\repository\xalan\xalan\2.7.2\xalan-2.7.2.jar;C:\Users\gmittal\.m2\repository\xalan\serializer\2.7.2\serializer-2.7.2.jar;C:\Users\gmittal\.m2\repository\org\apache\httpcomponents\httpmime\4.5.2\httpmime-4.5.2.jar;C:\Users\gmittal\.m2\repository\net\sourceforge\htmlunit\htmlunit-core-js\2.17\htmlunit-core-js-2.17.jar;C:\Users\gmittal\.m2\repository\net\sourceforge\htmlunit\neko-htmlunit\2.21\neko-htmlunit-2.21.jar;C:\Users\gmittal\.m2\repository\xerces\xercesImpl\2.11.0\xercesImpl-2.11.0.jar;C:\Users\gmittal\.m2\repository\xml-apis\xml-apis\1.4.01\xml-apis-1.4.01.jar;C:\Users\gmittal\.m2\repository\net\sourceforge\cssparser\cssparser\0.9.18\cssparser-0.9.18.jar;C:\Users\gmittal\.m2\repository\org\w3c\css\sac\1.3\sac-1.3.jar;C:\Users\gmittal\.m2\repository\org\eclipse\jetty\websocket\websocket-client\9.2.15.v20160210\websocket-client-9.2.15.v20160210.jar;C:\Users\gmittal\.m2\repository\org\eclipse\jetty\jetty-util\9.2.15.v20160210\jetty-util-9.2.15.v20160210.jar;C:\Users\gmittal\.m2\repository\org\eclipse\jetty\jetty-io\9.2.15.v20160210\jetty-io-9.2.15.v20160210.jar;C:\Users\gmittal\.m2\repository\org\eclipse\jetty\websocket\websocket-common\9.2.15.v20160210\websocket-common-9.2.15.v20160210.jar;C:\Users\gmittal\.m2\repository\org\eclipse\jetty\websocket\websocket-api\9.2.15.v20160210\websocket-api-9.2.15.v20160210.jar;C:\Users\gmittal\.m2\repository\commons-collections\commons-collections\3.2.2\commons-collections-3.2.2.jar;C:\Users\gmittal\.m2\repository\org\seleniumhq\selenium\selenium-firefox-driver\2.53.1\selenium-firefox-driver-2.53.1.jar;C:\Users\gmittal\.m2\repository\org\seleniumhq\selenium\selenium-ie-driver\2.53.1\selenium-ie-driver-2.53.1.jar;C:\Users\gmittal\.m2\repository\net\java\dev\jna\jna\4.1.0\jna-4.1.0.jar;C:\Users\gmittal\.m2\repository\net\java\dev\jna\jna-platform\4.1.0\jna-platform-4.1.0.jar;C:\Users\gmittal\.m2\repository\org\seleniumhq\selenium\selenium-safari-driver\2.53.1\selenium-safari-driver-2.53.1.jar;C:\Users\gmittal\.m2\repository\io\netty\netty\3.5.7.Final\netty-3.5.7.Final.jar;C:\Users\gmittal\.m2\repository\org\seleniumhq\selenium\selenium-support\2.53.1\selenium-support-2.53.1.jar;C:\Users\gmittal\.m2\repository\org\seleniumhq\selenium\selenium-leg-rc\2.53.1\selenium-leg-rc-2.53.1.jar;C:\Users\gmittal\.m2\repository\edu\apollo\ui\ada\lib\adacheckerlib\1.0.0-SNAPSHOT\adacheckerlib-1.0.0-SNAPSHOT.jar;C:\Users\gmittal\.m2\repository\com\deque\axe-selenium\2.0\axe-selenium-2.0.jar;C:\Users\gmittal\.m2\repository\org\json\json\20160212\json-20160212.jar;C:\Users\gmittal\.m2\repository\com\fasterxml\jackson\core\jackson-databind\2.6.6\jackson-databind-2.6.6.jar;C:\Users\gmittal\.m2\repository\com\fasterxml\jackson\core\jackson-annotations\2.6.0\jackson-annotations-2.6.0.jar;C:\Users\gmittal\.m2\repository\com\fasterxml\jackson\core\jackson-core\2.6.6\jackson-core-2.6.6.jar;C:\Users\gmittal\.m2\repository\commons-lang\commons-lang\2.6\commons-lang-2.6.jar;C:\Users\gmittal\.m2\repository\edu\apollogrp\FrontendTestFrameworkKC\0.0.4\FrontendTestFrameworkKC-0.0.4.jar;C:\Users\gmittal\.m2\repository\org\sikuli\sikuli-core\2.0.0\sikuli-core-2.0.0.jar;C:\Users\gmittal\.m2\repository\org\apache\poi\poi\3.7\poi-3.7.jar;C:\Users\gmittal\.m2\repository\biz\neustar\browsermob-proxy\2.0\browsermob-proxy-2.0.jar;C:\Users\gmittal\.m2\repository\log4j\log4j\1.2.16\log4j-1.2.16.jar;C:\Users\gmittal\.m2\repository\org\apache\commons\commons-io\1.3.2\commons-io-1.3.2.jar;C:\Users\gmittal\.m2\repository\com\google\inject\guice\3.0\guice-3.0.jar;C:\Users\gmittal\.m2\repository\javax\inject\javax.inject\1\javax.inject-1.jar;C:\Users\gmittal\.m2\repository\aopalliance\aopalliance\1.0\aopalliance-1.0.jar;C:\Users\gmittal\.m2\repository\org\apache\commons\commons-email\1.2\commons-email-1.2.jar;C:\Users\gmittal\.m2\repository\org\testng\testng\6.8.5\testng-6.8.5.jar;C:\Users\gmittal\.m2\repository\junit\junit\4.10\junit-4.10.jar;C:\Users\gmittal\.m2\repository\org\hamcrest\hamcrest-core\1.1\hamcrest-core-1.1.jar;C:\Users\gmittal\.m2\repository\org\beanshell\bsh\2.0b4\bsh-2.0b4.jar;C:\Users\gmittal\.m2\repository\com\beust\jcommander\1.27\jcommander-1.27.jar;C:\Users\gmittal\.m2\repository\org\yaml\snakeyaml\1.6\snakeyaml-1.6.jar;C:\Users\gmittal\.m2\repository\org\seleniumhq\selenium\selenium-server\2.53.1\selenium-server-2.53.1.jar;C:\Users\gmittal\.m2\repository\org\bouncycastle\bcprov-jdk15on\1.48\bcprov-jdk15on-1.48.jar;C:\Users\gmittal\.m2\repository\org\bouncycastle\bcpkix-jdk15on\1.48\bcpkix-jdk15on-1.48.jar;C:\Users\gmittal\.m2\repository\mx4j\mx4j-tools\3.0.1\mx4j-tools-3.0.1.jar;C:\Users\gmittal\.m2\repository\org\seleniumhq\selenium\jetty-repacked\9.2.13.v20150730\jetty-repacked-9.2.13.v20150730.jar;C:\Users\gmittal\.m2\repository\javax\servlet\javax.servlet-api\3.1.0\javax.servlet-api-3.1.0.jar;C:\Users\gmittal\.m2\repository\org\seleniumhq\selenium\jetty-rc-repacked\5\jetty-rc-repacked-5.jar;C:\Users\gmittal\.m2\repository\net\jcip\jcip-annotations\1.0\jcip-annotations-1.0.jar;C:\Users\gmittal\.m2\repository\commons-codec\commons-codec\1.10\commons-codec-1.10.jar;"/>
    <property name="java.vm.specification.version" value="1.8"/>
    <property name="sun.arch.data.model" value="64"/>
    <property name="java.home" value="C:\Program Files\Java\jre1.8.0_101"/>
    <property name="sun.java.command" value="C:\Users\gmittal\AppData\Local\Temp\surefirebooter8897801131441460796.jar C:\Users\gmittal\AppData\Local\Temp\surefire6458776108784425976tmp C:\Users\gmittal\AppData\Local\Temp\surefire8786581324401559147tmp"/>
    <property name="java.specification.vendor" value="Oracle Corporation"/>
    <property name="user.language" value="en"/>
    <property name="awt.toolkit" value="sun.awt.windows.WToolkit"/>
    <property name="java.vm.info" value="mixed mode"/>
    <property name="java.version" value="1.8.0_101"/>
    <property name="java.ext.dirs" value="C:\Program Files\Java\jre1.8.0_101\lib\ext;C:\Windows\Sun\Java\lib\ext"/>
    <property name="sun.boot.class.path" value="C:\Program Files\Java\jre1.8.0_101\lib\resources.jar;C:\Program Files\Java\jre1.8.0_101\lib\rt.jar;C:\Program Files\Java\jre1.8.0_101\lib\sunrsasign.jar;C:\Program Files\Java\jre1.8.0_101\lib\jsse.jar;C:\Program Files\Java\jre1.8.0_101\lib\jce.jar;C:\Program Files\Java\jre1.8.0_101\lib\charsets.jar;C:\Program Files\Java\jre1.8.0_101\lib\jfr.jar;C:\Program Files\Java\jre1.8.0_101\classes"/>
    <property name="java.vendor" value="Oracle Corporation"/>
    <property name="localRepository" value="C:\Users\gmittal\.m2\repository"/>
    <property name="file.separator" value="\"/>
    <property name="java.vendor.url.bug" value="http://bugreport.sun.com/bugreport/"/>
    <property name="sun.cpu.endian" value="little"/>
    <property name="sun.io.unicode.encoding" value="UnicodeLittle"/>
    <property name="sun.desktop" value="windows"/>
    <property name="sun.cpu.isalist" value="amd64"/>
  </properties>
  <testcase classname="edu.apollogrp.tests.UCPSmokeTests.QualTransfer_AgentScript_QAEnv" name="setUp" time="9.977"/>
  <testcase classname="edu.apollogrp.tests.UCPSmokeTests.QualTransfer_AgentScript_QAEnv" name="setUpER" time="14.445"/>
  <testcase classname="edu.apollogrp.tests.UCPSmokeTests.QualTransfer_AgentScript_QAEnv" name="clickUserNameER" time="0.295"/>
  <testcase classname="edu.apollogrp.tests.UCPSmokeTests.QualTransfer_AgentScript_QAEnv" name="clickPasswordER" time="0.362"/>
  <testcase classname="edu.apollogrp.tests.UCPSmokeTests.QualTransfer_AgentScript_QAEnv" name="clickSubmitER" time="13.666"/>
  <testcase classname="edu.apollogrp.tests.UCPSmokeTests.QualTransfer_AgentScript_QAEnv" name="clickUserName" time="0.276"/>
  <testcase classname="edu.apollogrp.tests.UCPSmokeTests.QualTransfer_AgentScript_QAEnv" name="clickPassword" time="0.237"/>
  <testcase classname="edu.apollogrp.tests.UCPSmokeTests.QualTransfer_AgentScript_QAEnv" name="clickSubmit" time="0.184"/>
  <testcase classname="edu.apollogrp.tests.UCPSmokeTests.QualTransfer_AgentScript_QAEnv" name="getCall" time="304.443"/>
  <testcase classname="edu.apollogrp.tests.UCPSmokeTests.QualTransfer_AgentScript_QAEnv" name="clickCaseInfo" time="0.338"/>
  <testcase classname="edu.apollogrp.tests.UCPSmokeTests.QualTransfer_AgentScript_QAEnv" name="clickAgentScritping" time="0.834"/>
  <testcase classname="edu.apollogrp.tests.UCPSmokeTests.QualTransfer_AgentScript_QAEnv" name="clickNameSearch" time="8.856"/>
  <testcase classname="edu.apollogrp.tests.UCPSmokeTests.QualTransfer_AgentScript_QAEnv" name="clickFirstRecord" time="3,008.156"/>
  <testcase classname="edu.apollogrp.tests.UCPSmokeTests.QualTransfer_AgentScript_QAEnv" name="clickQualify" time="902.64"/>
  <testcase classname="edu.apollogrp.tests.UCPSmokeTests.QualTransfer_AgentScript_QAEnv" name="clickStartTransferButton" time="1.003"/>
  <testcase classname="edu.apollogrp.tests.UCPSmokeTests.QualTransfer_AgentScript_QAEnv" name="clickTransferDropdown" time="1.002"/>
  <testcase classname="edu.apollogrp.tests.UCPSmokeTests.QualTransfer_AgentScript_QAEnv" name="clickConsultButton" time="1.003"/>
  <testcase classname="edu.apollogrp.tests.UCPSmokeTests.QualTransfer_AgentScript_QAEnv" name="clickSearchMyFavButton" time="1.003"/>
  <testcase classname="edu.apollogrp.tests.UCPSmokeTests.QualTransfer_AgentScript_QAEnv" name="clickEnrollmentqualtransfer" time="1.003"/>
  <testcase classname="edu.apollogrp.tests.UCPSmokeTests.QualTransfer_AgentScript_QAEnv" name="clickInstantCallTransfer" time="1.002"/>
  <testcase classname="edu.apollogrp.tests.UCPSmokeTests.QualTransfer_AgentScript_QAEnv" name="clickInstantCallConference" time="1.002"/>
  <testcase classname="edu.apollogrp.tests.UCPSmokeTests.QualTransfer_AgentScript_QAEnv" name="getCallER" time="1.064"/>
</testsuite>