<?xml version="1.0" encoding="UTF-8"?>
<!-- Generated by org.testng.reporters.JUnitReportReporter -->
<testsuite hostname="USPHXAWNC0038Y6" name="com.apollo.agentscripting.smoketests.qcinboundcall.QCInbound_AgentScript_QAEnv" tests="16" failures="0" timestamp="11 Jan 2017 19:47:04 GMT" time="76.888" errors="0">
  <testcase name="clickOnradioButton" time="0.117" classname="com.apollo.agentscripting.smoketests.qcinboundcall.QCInbound_AgentScript_QAEnv"/>
  <testcase name="clickSubmit" time="0.185" classname="com.apollo.agentscripting.smoketests.qcinboundcall.QCInbound_AgentScript_QAEnv"/>
  <testcase name="checkHistoryTab" time="0.261" classname="com.apollo.agentscripting.smoketests.qcinboundcall.QCInbound_AgentScript_QAEnv"/>
  <testcase name="clickAgentScritping" time="0.186" classname="com.apollo.agentscripting.smoketests.qcinboundcall.QCInbound_AgentScript_QAEnv"/>
  <testcase name="clickCaseInfo" time="0.348" classname="com.apollo.agentscripting.smoketests.qcinboundcall.QCInbound_AgentScript_QAEnv"/>
  <testcase name="clickOnSelectHungUp" time="0.446" classname="com.apollo.agentscripting.smoketests.qcinboundcall.QCInbound_AgentScript_QAEnv"/>
  <testcase name="checkContactInformation" time="0.070" classname="com.apollo.agentscripting.smoketests.qcinboundcall.QCInbound_AgentScript_QAEnv"/>
  <testcase name="getAgentReady" time="32.527" classname="com.apollo.agentscripting.smoketests.qcinboundcall.QCInbound_AgentScript_QAEnv"/>
  <testcase name="clickUserName" time="0.242" classname="com.apollo.agentscripting.smoketests.qcinboundcall.QCInbound_AgentScript_QAEnv"/>
  <testcase name="clickPassword" time="0.223" classname="com.apollo.agentscripting.smoketests.qcinboundcall.QCInbound_AgentScript_QAEnv"/>
  <testcase name="setUp" time="6.691" classname="com.apollo.agentscripting.smoketests.qcinboundcall.QCInbound_AgentScript_QAEnv"/>
  <testcase name="clickHungups" time="34.863" classname="com.apollo.agentscripting.smoketests.qcinboundcall.QCInbound_AgentScript_QAEnv"/>
  <testcase name="clickOnEndCallTab" time="0.082" classname="com.apollo.agentscripting.smoketests.qcinboundcall.QCInbound_AgentScript_QAEnv"/>
  <testcase name="clickCallType" time="0.292" classname="com.apollo.agentscripting.smoketests.qcinboundcall.QCInbound_AgentScript_QAEnv"/>
  <testcase name="clickOnEndCall" time="0.303" classname="com.apollo.agentscripting.smoketests.qcinboundcall.QCInbound_AgentScript_QAEnv"/>
  <testcase name="checkContactTab" time="0.052" classname="com.apollo.agentscripting.smoketests.qcinboundcall.QCInbound_AgentScript_QAEnv"/>
</testsuite> <!-- com.apollo.agentscripting.smoketests.qcinboundcall.QCInbound_AgentScript_QAEnv -->
