<?xml version="1.0" encoding="UTF-8"?>
<!-- Generated by org.testng.reporters.JUnitReportReporter -->
<testsuite hostname="USPHXAWNC0038Y6" name="com.apollo.agentscripting.smoketests.qcinboundcall.AgentScript_QAEnv" tests="14" failures="0" timestamp="10 Jan 2017 22:31:49 GMT" time="70.942" errors="0">
  <testcase name="clickOnEndCall" time="0.099" classname="com.apollo.agentscripting.smoketests.qcinboundcall.AgentScript_QAEnv"/>
  <testcase name="checkHistoryTab" time="0.546" classname="com.apollo.agentscripting.smoketests.qcinboundcall.AgentScript_QAEnv"/>
  <testcase name="clickHungUp" time="0.157" classname="com.apollo.agentscripting.smoketests.qcinboundcall.AgentScript_QAEnv"/>
  <testcase name="checkContactInformation" time="0.092" classname="com.apollo.agentscripting.smoketests.qcinboundcall.AgentScript_QAEnv"/>
  <testcase name="clickOnradioButton" time="0.125" classname="com.apollo.agentscripting.smoketests.qcinboundcall.AgentScript_QAEnv"/>
  <testcase name="setUp" time="6.360" classname="com.apollo.agentscripting.smoketests.qcinboundcall.AgentScript_QAEnv"/>
  <testcase name="clickOnSelectHungUp" time="0.445" classname="com.apollo.agentscripting.smoketests.qcinboundcall.AgentScript_QAEnv"/>
  <testcase name="clickPassword" time="0.098" classname="com.apollo.agentscripting.smoketests.qcinboundcall.AgentScript_QAEnv"/>
  <testcase name="getAgentReady" time="57.571" classname="com.apollo.agentscripting.smoketests.qcinboundcall.AgentScript_QAEnv"/>
  <testcase name="clickSubmit" time="0.109" classname="com.apollo.agentscripting.smoketests.qcinboundcall.AgentScript_QAEnv"/>
  <testcase name="checkContactTab" time="0.061" classname="com.apollo.agentscripting.smoketests.qcinboundcall.AgentScript_QAEnv"/>
  <testcase name="clickUserName" time="0.162" classname="com.apollo.agentscripting.smoketests.qcinboundcall.AgentScript_QAEnv"/>
  <testcase name="clickAgentScritping" time="4.321" classname="com.apollo.agentscripting.smoketests.qcinboundcall.AgentScript_QAEnv"/>
  <testcase name="clickCaseInfo" time="0.796" classname="com.apollo.agentscripting.smoketests.qcinboundcall.AgentScript_QAEnv"/>
</testsuite> <!-- com.apollo.agentscripting.smoketests.qcinboundcall.AgentScript_QAEnv -->
