<?xml version="1.0" encoding="UTF-8"?>
<!-- Generated by org.testng.reporters.JUnitReportReporter -->
<testsuite hostname="USPHXAWNC0038Y6" name="com.apollo.agentscripting.qcinboundcall.QCInbound_AgentScript_QAEnv" tests="17" failures="0" timestamp="11 Jan 2017 23:13:51 GMT" time="52.167" errors="0">
  <testcase name="clickOnradioButton" time="0.224" classname="com.apollo.agentscripting.qcinboundcall.QCInbound_AgentScript_QAEnv"/>
  <testcase name="clickSubmit" time="0.195" classname="com.apollo.agentscripting.qcinboundcall.QCInbound_AgentScript_QAEnv"/>
  <testcase name="checkHistoryTab" time="0.310" classname="com.apollo.agentscripting.qcinboundcall.QCInbound_AgentScript_QAEnv"/>
  <testcase name="clickAgentScritping" time="0.265" classname="com.apollo.agentscripting.qcinboundcall.QCInbound_AgentScript_QAEnv"/>
  <testcase name="clickDone" time="0.776" classname="com.apollo.agentscripting.qcinboundcall.QCInbound_AgentScript_QAEnv"/>
  <testcase name="clickOnEndCall" time="0.701" classname="com.apollo.agentscripting.qcinboundcall.QCInbound_AgentScript_QAEnv"/>
  <testcase name="clickCaseInfo" time="0.791" classname="com.apollo.agentscripting.qcinboundcall.QCInbound_AgentScript_QAEnv"/>
  <testcase name="clickOnSelectHungUp" time="0.437" classname="com.apollo.agentscripting.qcinboundcall.QCInbound_AgentScript_QAEnv"/>
  <testcase name="checkContactInformation" time="0.077" classname="com.apollo.agentscripting.qcinboundcall.QCInbound_AgentScript_QAEnv"/>
  <testcase name="getAgentReady" time="28.230" classname="com.apollo.agentscripting.qcinboundcall.QCInbound_AgentScript_QAEnv"/>
  <testcase name="clickUserName" time="0.402" classname="com.apollo.agentscripting.qcinboundcall.QCInbound_AgentScript_QAEnv"/>
  <testcase name="clickPassword" time="0.209" classname="com.apollo.agentscripting.qcinboundcall.QCInbound_AgentScript_QAEnv"/>
  <testcase name="setUp" time="9.764" classname="com.apollo.agentscripting.qcinboundcall.QCInbound_AgentScript_QAEnv"/>
  <testcase name="clickHungups" time="8.183" classname="com.apollo.agentscripting.qcinboundcall.QCInbound_AgentScript_QAEnv"/>
  <testcase name="clickOnEndCallTab" time="0.086" classname="com.apollo.agentscripting.qcinboundcall.QCInbound_AgentScript_QAEnv"/>
  <testcase name="clickCallType" time="1.444" classname="com.apollo.agentscripting.qcinboundcall.QCInbound_AgentScript_QAEnv"/>
  <testcase name="checkContactTab" time="0.073" classname="com.apollo.agentscripting.qcinboundcall.QCInbound_AgentScript_QAEnv"/>
</testsuite> <!-- com.apollo.agentscripting.qcinboundcall.QCInbound_AgentScript_QAEnv -->
