<?xml version="1.0" encoding="UTF-8"?>
<!-- Generated by org.testng.reporters.JUnitReportReporter -->
<testsuite hostname="USPHXAWNC0038Y6" name="com.apollo.agentscripting.qaenv.AgentScript_QAEnv" tests="8" failures="0" timestamp="11 Jan 2017 19:28:05 GMT" time="65.370" errors="0">
  <testcase name="setUp" time="6.100" classname="com.apollo.agentscripting.qaenv.AgentScript_QAEnv"/>
  <testcase name="clickPassword" time="0.115" classname="com.apollo.agentscripting.qaenv.AgentScript_QAEnv"/>
  <testcase name="getCall" time="31.332" classname="com.apollo.agentscripting.qaenv.AgentScript_QAEnv"/>
  <testcase name="clickSubmit" time="0.093" classname="com.apollo.agentscripting.qaenv.AgentScript_QAEnv"/>
  <testcase name="clickAgentScritping" time="0.128" classname="com.apollo.agentscripting.qaenv.AgentScript_QAEnv"/>
  <testcase name="clickUserName" time="0.268" classname="com.apollo.agentscripting.qaenv.AgentScript_QAEnv"/>
  <testcase name="clickIRNSearch" time="26.233" classname="com.apollo.agentscripting.qaenv.AgentScript_QAEnv"/>
  <testcase name="clickCaseInfo" time="1.101" classname="com.apollo.agentscripting.qaenv.AgentScript_QAEnv"/>
</testsuite> <!-- com.apollo.agentscripting.qaenv.AgentScript_QAEnv -->
