<?xml version="1.0" encoding="UTF-8"?>
<!-- Generated by org.testng.reporters.JUnitReportReporter -->
<testsuite hostname="USPHXAWNC0038Y6" name="com.apollo.agentscripting.qualtransfer.QualTransfer_AgentScript_QAEnv" tests="22" failures="0" timestamp="13 Jan 2017 19:20:21 GMT" time="120.749" errors="0">
  <testcase name="clickSubmit" time="0.102" classname="com.apollo.agentscripting.qualtransfer.QualTransfer_AgentScript_QAEnv"/>
  <testcase name="clickQualify" time="0.133" classname="com.apollo.agentscripting.qualtransfer.QualTransfer_AgentScript_QAEnv"/>
  <testcase name="setUp" time="7.319" classname="com.apollo.agentscripting.qualtransfer.QualTransfer_AgentScript_QAEnv"/>
  <testcase name="clickCaseInfo" time="0.836" classname="com.apollo.agentscripting.qualtransfer.QualTransfer_AgentScript_QAEnv"/>
  <testcase name="clickNameSearch" time="9.631" classname="com.apollo.agentscripting.qualtransfer.QualTransfer_AgentScript_QAEnv"/>
  <testcase name="clickFirstRecord" time="16.191" classname="com.apollo.agentscripting.qualtransfer.QualTransfer_AgentScript_QAEnv"/>
  <testcase name="clickSearchMyFavButton" time="0.997" classname="com.apollo.agentscripting.qualtransfer.QualTransfer_AgentScript_QAEnv"/>
  <testcase name="clickAgentScritping" time="0.139" classname="com.apollo.agentscripting.qualtransfer.QualTransfer_AgentScript_QAEnv"/>
  <testcase name="clickUserNameER" time="0.280" classname="com.apollo.agentscripting.qualtransfer.QualTransfer_AgentScript_QAEnv"/>
  <testcase name="clickSubmitER" time="7.516" classname="com.apollo.agentscripting.qualtransfer.QualTransfer_AgentScript_QAEnv"/>
  <testcase name="clickStartTransferButton" time="12.657" classname="com.apollo.agentscripting.qualtransfer.QualTransfer_AgentScript_QAEnv"/>
  <testcase name="getCall" time="19.528" classname="com.apollo.agentscripting.qualtransfer.QualTransfer_AgentScript_QAEnv"/>
  <testcase name="setUpER" time="6.166" classname="com.apollo.agentscripting.qualtransfer.QualTransfer_AgentScript_QAEnv"/>
  <testcase name="clickPasswordER" time="0.105" classname="com.apollo.agentscripting.qualtransfer.QualTransfer_AgentScript_QAEnv"/>
  <testcase name="clickPassword" time="0.120" classname="com.apollo.agentscripting.qualtransfer.QualTransfer_AgentScript_QAEnv"/>
  <testcase name="getCallER" time="5.407" classname="com.apollo.agentscripting.qualtransfer.QualTransfer_AgentScript_QAEnv"/>
  <testcase name="clickUserName" time="0.202" classname="com.apollo.agentscripting.qualtransfer.QualTransfer_AgentScript_QAEnv"/>
  <testcase name="clickConsultButton" time="0.416" classname="com.apollo.agentscripting.qualtransfer.QualTransfer_AgentScript_QAEnv"/>
  <testcase name="clickEnrollmentqualtransfer" time="0.282" classname="com.apollo.agentscripting.qualtransfer.QualTransfer_AgentScript_QAEnv"/>
  <testcase name="clickInstantCallConference" time="1.412" classname="com.apollo.agentscripting.qualtransfer.QualTransfer_AgentScript_QAEnv"/>
  <testcase name="clickTransferDropdown" time="25.050" classname="com.apollo.agentscripting.qualtransfer.QualTransfer_AgentScript_QAEnv"/>
  <testcase name="clickInstantCallTransfer" time="6.260" classname="com.apollo.agentscripting.qualtransfer.QualTransfer_AgentScript_QAEnv"/>
</testsuite> <!-- com.apollo.agentscripting.qualtransfer.QualTransfer_AgentScript_QAEnv -->
